This is pdfTeX, Version 3.141592653-2.6-1.40.27 (TeX Live 2026/dev/Arch Linux) (preloaded format=pdflatex 2025.12.23)  26 DEC 2025 17:05
entering extended mode
 restricted \write18 enabled.
 file:line:error style messages enabled.
 %&-line parsing enabled.
**main.tex
(./main.tex
LaTeX2e <2024-11-01> patch level 2
L3 programming layer <2025-01-18>
(/usr/share/texmf-dist/tex/latex/base/article.cls
Document Class: article 2024/06/29 v1.4n Standard LaTeX document class
(/usr/share/texmf-dist/tex/latex/base/size10.clo
File: size10.clo 2024/06/29 v1.4n Standard LaTeX file (size option)
)
\c@part=\count196
\c@section=\count197
\c@subsection=\count198
\c@subsubsection=\count199
\c@paragraph=\count266
\c@subparagraph=\count267
\c@figure=\count268
\c@table=\count269
\abovecaptionskip=\skip49
\belowcaptionskip=\skip50
\bibindent=\dimen141
) (/usr/share/texmf-dist/tex/latex/tocloft/tocloft.sty
Package: tocloft 2017/08/31 v2.3i parameterised ToC, etc., typesetting
Package tocloft Info: The document has section divisions on input line 51.
\cftparskip=\skip51
\cftbeforetoctitleskip=\skip52
\cftaftertoctitleskip=\skip53
\cftbeforepartskip=\skip54
\cftpartnumwidth=\skip55
\cftpartindent=\skip56
\cftbeforesecskip=\skip57
\cftsecindent=\skip58
\cftsecnumwidth=\skip59
\cftbeforesubsecskip=\skip60
\cftsubsecindent=\skip61
\cftsubsecnumwidth=\skip62
\cftbeforesubsubsecskip=\skip63
\cftsubsubsecindent=\skip64
\cftsubsubsecnumwidth=\skip65
\cftbeforeparaskip=\skip66
\cftparaindent=\skip67
\cftparanumwidth=\skip68
\cftbeforesubparaskip=\skip69
\cftsubparaindent=\skip70
\cftsubparanumwidth=\skip71
\cftbeforeloftitleskip=\skip72
\cftafterloftitleskip=\skip73
\cftbeforefigskip=\skip74
\cftfigindent=\skip75
\cftfignumwidth=\skip76
\c@lofdepth=\count270
\c@lotdepth=\count271
\cftbeforelottitleskip=\skip77
\cftafterlottitleskip=\skip78
\cftbeforetabskip=\skip79
\cfttabindent=\skip80
\cfttabnumwidth=\skip81
) (/usr/share/texmf-dist/tex/latex/etoolbox/etoolbox.sty
Package: etoolbox 2025/02/11 v2.5l e-TeX tools for LaTeX (JAW)
\etb@tempcnta=\count272
) (/usr/share/texmf-dist/tex/latex/graphics/graphicx.sty
Package: graphicx 2021/09/16 v1.2d Enhanced LaTeX Graphics (DPC,SPQR)
 (/usr/share/texmf-dist/tex/latex/graphics/keyval.sty
Package: keyval 2022/05/29 v1.15 key=value parser (DPC)
\KV@toks@=\toks17
) (/usr/share/texmf-dist/tex/latex/graphics/graphics.sty
Package: graphics 2024/08/06 v1.4g Standard LaTeX Graphics (DPC,SPQR)
 (/usr/share/texmf-dist/tex/latex/graphics/trig.sty
Package: trig 2023/12/02 v1.11 sin cos tan (DPC)
) (/usr/share/texmf-dist/tex/latex/graphics-cfg/graphics.cfg
File: graphics.cfg 2016/06/04 v1.11 sample graphics configuration
)
Package graphics Info: Driver file: pdftex.def on input line 106.
 (/usr/share/texmf-dist/tex/latex/graphics-def/pdftex.def
File: pdftex.def 2024/04/13 v1.2c Graphics/color driver for pdftex
))
\Gin@req@height=\dimen142
\Gin@req@width=\dimen143
) (/usr/share/texmf-dist/tex/latex/xcolor/xcolor.sty
Package: xcolor 2024/09/29 v3.02 LaTeX color extensions (UK)
 (/usr/share/texmf-dist/tex/latex/graphics-cfg/color.cfg
File: color.cfg 2016/01/02 v1.6 sample color configuration
)
Package xcolor Info: Driver file: pdftex.def on input line 274.
 (/usr/share/texmf-dist/tex/latex/graphics/mathcolor.ltx)
Package xcolor Info: Model `cmy' substituted by `cmy0' on input line 1349.
Package xcolor Info: Model `hsb' substituted by `rgb' on input line 1353.
Package xcolor Info: Model `RGB' extended on input line 1365.
Package xcolor Info: Model `HTML' substituted by `rgb' on input line 1367.
Package xcolor Info: Model `Hsb' substituted by `hsb' on input line 1368.
Package xcolor Info: Model `tHsb' substituted by `hsb' on input line 1369.
Package xcolor Info: Model `HSB' substituted by `hsb' on input line 1370.
Package xcolor Info: Model `Gray' substituted by `gray' on input line 1371.
Package xcolor Info: Model `wave' substituted by `hsb' on input line 1372.
) (/usr/share/texmf-dist/tex/latex/float/float.sty
Package: float 2001/11/08 v1.3d Float enhancements (AL)
\c@float@type=\count273
\float@exts=\toks18
\float@box=\box52
\@float@everytoks=\toks19
\@floatcapt=\box53
) (/usr/share/texmf-dist/tex/latex/caption/caption.sty
Package: caption 2023/08/05 v3.6o Customizing captions (AR)
 (/usr/share/texmf-dist/tex/latex/caption/caption3.sty
Package: caption3 2023/07/31 v2.4d caption3 kernel (AR)
\caption@tempdima=\dimen144
\captionmargin=\dimen145
\caption@leftmargin=\dimen146
\caption@rightmargin=\dimen147
\caption@width=\dimen148
\caption@indent=\dimen149
\caption@parindent=\dimen150
\caption@hangindent=\dimen151
Package caption Info: Standard document class detected.
)
\c@caption@flags=\count274
\c@continuedfloat=\count275
Package caption Info: float package is loaded.
) (/usr/share/texmf-dist/tex/latex/geometry/geometry.sty
Package: geometry 2020/01/02 v5.9 Page Geometry
 (/usr/share/texmf-dist/tex/generic/iftex/ifvtex.sty
Package: ifvtex 2019/10/25 v1.7 ifvtex legacy package. Use iftex instead.
 (/usr/share/texmf-dist/tex/generic/iftex/iftex.sty
Package: iftex 2024/12/12 v1.0g TeX engine tests
))
\Gm@cnth=\count276
\Gm@cntv=\count277
\c@Gm@tempcnt=\count278
\Gm@bindingoffset=\dimen152
\Gm@wd@mp=\dimen153
\Gm@odd@mp=\dimen154
\Gm@even@mp=\dimen155
\Gm@layoutwidth=\dimen156
\Gm@layoutheight=\dimen157
\Gm@layouthoffset=\dimen158
\Gm@layoutvoffset=\dimen159
\Gm@dimlist=\toks20
) (/usr/share/texmf-dist/tex/latex/colortbl/colortbl.sty
Package: colortbl 2024/07/06 v1.0i Color table columns (DPC)
 (/usr/share/texmf-dist/tex/latex/tools/array.sty
Package: array 2024/10/17 v2.6g Tabular extension package (FMi)
\col@sep=\dimen160
\ar@mcellbox=\box54
\extrarowheight=\dimen161
\NC@list=\toks21
\extratabsurround=\skip82
\backup@length=\skip83
\ar@cellbox=\box55
)
\everycr=\toks22
\minrowclearance=\skip84
\rownum=\count279
) (/usr/share/texmf-dist/tex/latex/tools/longtable.sty
Package: longtable 2024-10-27 v4.22 Multi-page Table package (DPC)
\LTleft=\skip85
\LTright=\skip86
\LTpre=\skip87
\LTpost=\skip88
\LTchunksize=\count280
\LTcapwidth=\dimen162
\LT@head=\box56
\LT@firsthead=\box57
\LT@foot=\box58
\LT@lastfoot=\box59
\LT@gbox=\box60
\LT@cols=\count281
\LT@rows=\count282
\c@LT@tables=\count283
\c@LT@chunks=\count284
\LT@p@ftn=\toks23
) (/usr/share/texmf-dist/tex/latex/tools/tabularx.sty
Package: tabularx 2023/12/11 v2.12a `tabularx' package (DPC)
\TX@col@width=\dimen163
\TX@old@table=\dimen164
\TX@old@col=\dimen165
\TX@target=\dimen166
\TX@delta=\dimen167
\TX@cols=\count285
\TX@ftn=\toks24
) (/usr/share/texmf-dist/tex/latex/l3backend/l3backend-pdftex.def
File: l3backend-pdftex.def 2024-05-08 L3 backend support: PDF output (pdfTeX)
\l__color_backend_stack_int=\count286
\l__pdf_internal_box=\box61
) (./main.aux (./FrontMatter/TitlePage.aux) (./Sections/1-ProgettazioneConcettuale.aux) (./Sections/2-ProgettazioneLogica.aux))
\openout1 = `main.aux'.

LaTeX Font Info:    Checking defaults for OML/cmm/m/it on input line 22.
LaTeX Font Info:    ... okay on input line 22.
LaTeX Font Info:    Checking defaults for OMS/cmsy/m/n on input line 22.
LaTeX Font Info:    ... okay on input line 22.
LaTeX Font Info:    Checking defaults for OT1/cmr/m/n on input line 22.
LaTeX Font Info:    ... okay on input line 22.
LaTeX Font Info:    Checking defaults for T1/cmr/m/n on input line 22.
LaTeX Font Info:    ... okay on input line 22.
LaTeX Font Info:    Checking defaults for TS1/cmr/m/n on input line 22.
LaTeX Font Info:    ... okay on input line 22.
LaTeX Font Info:    Checking defaults for OMX/cmex/m/n on input line 22.
LaTeX Font Info:    ... okay on input line 22.
LaTeX Font Info:    Checking defaults for U/cmr/m/n on input line 22.
LaTeX Font Info:    ... okay on input line 22.
 (/usr/share/texmf-dist/tex/context/base/mkii/supp-pdf.mkii
[Loading MPS to PDF converter (version 2006.09.02).]
\scratchcounter=\count287
\scratchdimen=\dimen168
\scratchbox=\box62
\nofMPsegments=\count288
\nofMParguments=\count289
\everyMPshowfont=\toks25
\MPscratchCnt=\count290
\MPscratchDim=\dimen169
\MPnumerator=\count291
\makeMPintoPDFobject=\count292
\everyMPtoPDFconversion=\toks26
) (/usr/share/texmf-dist/tex/latex/epstopdf-pkg/epstopdf-base.sty
Package: epstopdf-base 2020-01-24 v2.11 Base part for package epstopdf
Package epstopdf-base Info: Redefining graphics rule for `.eps' on input line 485.
 (/usr/share/texmf-dist/tex/latex/latexconfig/epstopdf-sys.cfg
File: epstopdf-sys.cfg 2010/07/13 v1.3 Configuration of (r)epstopdf for TeX Live
))
Package caption Info: Begin \AtBeginDocument code.
Package caption Info: longtable package is loaded.
 (/usr/share/texmf-dist/tex/latex/caption/ltcaption.sty
Package: ltcaption 2021/01/08 v1.4c longtable captions (AR)
)
Package caption Info: End \AtBeginDocument code.

*geometry* driver: auto-detecting
*geometry* detected driver: pdftex
*geometry* verbose mode - [ preamble ] result:
* driver: pdftex
* paper: <default>
* layout: <same size as paper>
* layoutoffset:(h,v)=(0.0pt,0.0pt)
* modes: 
* h-part:(L,W,R)=(90.3375pt, 433.62001pt, 90.3375pt)
* v-part:(T,H,B)=(90.3375pt, 614.295pt, 90.3375pt)
* \paperwidth=614.295pt
* \paperheight=794.96999pt
* \textwidth=433.62001pt
* \textheight=614.295pt
* \oddsidemargin=18.0675pt
* \evensidemargin=18.0675pt
* \topmargin=-18.9325pt
* \headheight=12.0pt
* \headsep=25.0pt
* \topskip=10.0pt
* \footskip=30.0pt
* \marginparwidth=65.0pt
* \marginparsep=11.0pt
* \columnsep=10.0pt
* \skip\footins=9.0pt plus 4.0pt minus 2.0pt
* \hoffset=0.0pt
* \voffset=0.0pt
* \mag=1000
* \@twocolumnfalse
* \@twosidefalse
* \@mparswitchfalse
* \@reversemarginfalse
* (1in=72.27pt=25.4mm, 1cm=28.453pt)

\openout2 = `FrontMatter/TitlePage.aux'.

(./FrontMatter/TitlePage.tex
<logo/LOGO.pdf, id=1, 996.72375pt x 483.8075pt>
File: logo/LOGO.pdf Graphic file (type pdf)
<use logo/LOGO.pdf>
Package pdftex.def Info: logo/LOGO.pdf  used on input line 17.
(pdftex.def)             Requested size: 346.89732pt x 168.38284pt.


[1


{/var/lib/texmf/fonts/map/pdftex/updmap/pdftex.map} <./logo/LOGO.pdf>]) (./main.toc
LaTeX Font Info:    External font `cmex10' loaded for size
(Font)              <7> on input line 1.
LaTeX Font Info:    External font `cmex10' loaded for size
(Font)              <5> on input line 1.
)
\tf@toc=\write3
\openout3 = `main.toc'.



[1


]
\openout2 = `Sections/1-ProgettazioneConcettuale.aux'.

 (./Sections/1-ProgettazioneConcettuale.tex
Overfull \hbox (12.79999pt too wide) in paragraph at lines 7--27
 [][] 
 []


Overfull \hbox (12.79999pt too wide) in paragraph at lines 34--41
 [][] 
 []


Overfull \hbox (12.79999pt too wide) in paragraph at lines 45--52
 [][] 
 []


Overfull \hbox (12.79999pt too wide) in paragraph at lines 56--64
 [][] 
 []


LaTeX Warning: `!h' float specifier changed to `!ht'.


Overfull \hbox (12.79999pt too wide) in paragraph at lines 68--76
 [][] 
 []


LaTeX Warning: `!h' float specifier changed to `!ht'.


Overfull \hbox (12.79999pt too wide) in paragraph at lines 80--88
 [][] 
 []


LaTeX Warning: `!h' float specifier changed to `!ht'.


Overfull \hbox (12.79999pt too wide) in paragraph at lines 92--100
 [][] 
 []


LaTeX Warning: `!h' float specifier changed to `!ht'.


Overfull \hbox (12.79999pt too wide) in paragraph at lines 104--114
 [][] 
 []


LaTeX Warning: `!h' float specifier changed to `!ht'.


Overfull \hbox (12.79999pt too wide) in paragraph at lines 118--125
 [][] 
 []


LaTeX Warning: `!h' float specifier changed to `!ht'.


Overfull \hbox (12.79999pt too wide) in paragraph at lines 129--138
 [][] 
 []


LaTeX Warning: `!h' float specifier changed to `!ht'.


Overfull \hbox (12.79999pt too wide) in paragraph at lines 142--151
 [][] 
 []



[2

]

[3]
<Schemas/Schema1.pdf, id=37, 1445.4pt x 813.0375pt>
File: Schemas/Schema1.pdf Graphic file (type pdf)
<use Schemas/Schema1.pdf>
Package pdftex.def Info: Schemas/Schema1.pdf  used on input line 161.
(pdftex.def)             Requested size: 346.89732pt x 195.12057pt.
<Schemas/Schema4.pdf, id=38, 1445.4pt x 813.0375pt>
File: Schemas/Schema4.pdf Graphic file (type pdf)
<use Schemas/Schema4.pdf>
Package pdftex.def Info: Schemas/Schema4.pdf  used on input line 172.
(pdftex.def)             Requested size: 346.89732pt x 195.12057pt.


[4 <./Schemas/Schema1.pdf> <./Schemas/Schema4.pdf>]
Overfull \hbox (1.87961pt too wide) in paragraph at lines 184--185
[]\OT1/cmr/m/n/10 A se-guito di in-te-grazione e della nat-u-rale model-lazione di queste ul-time tre re-lazioni e dell'aggiunta
 []

<Schemas/Schema5.pdf, id=167, 1445.4pt x 813.0375pt>
File: Schemas/Schema5.pdf Graphic file (type pdf)
<use Schemas/Schema5.pdf>
Package pdftex.def Info: Schemas/Schema5.pdf  used on input line 188.
(pdftex.def)             Requested size: 433.62001pt x 243.91313pt.
<Schemas/Schema6.pdf, id=168, 1445.4pt x 813.0375pt>
File: Schemas/Schema6.pdf Graphic file (type pdf)
<use Schemas/Schema6.pdf>
Package pdftex.def Info: Schemas/Schema6.pdf  used on input line 196.
(pdftex.def)             Requested size: 433.62001pt x 243.91313pt.


[5{/usr/share/texmf-dist/fonts/enc/dvips/cm-super/cm-super-ts1.enc} <./Schemas/Schema5.pdf>]
<Schemas/Schema7.pdf, id=457, 1445.4pt x 813.0375pt>
File: Schemas/Schema7.pdf Graphic file (type pdf)
<use Schemas/Schema7.pdf>
Package pdftex.def Info: Schemas/Schema7.pdf  used on input line 213.
(pdftex.def)             Requested size: 650.43001pt x 365.8635pt.

Overfull \hbox (105.22119pt too wide) in paragraph at lines 212--214
 []|  [] 
 []



[6 <./Schemas/Schema6.pdf>]

[7 <./Schemas/Schema7.pdf>]
Underfull \hbox (badness 3078) in paragraph at lines 251--251
[]|\OT1/cmr/bx/n/10 CodCaserma\OT1/cmr/m/n/10 , In-d-Caserma,
 []


Underfull \hbox (badness 10000) in paragraph at lines 251--251
[]|\OT1/cmr/bx/n/10 CodDip\OT1/cmr/m/n/10 , NomeDip, Cog-
 []


Underfull \hbox (badness 10000) in paragraph at lines 251--251
[]|\OT1/cmr/m/n/10 MansioneAmm, Liv-Fun-
 []


Underfull \hbox (badness 10000) in paragraph at lines 251--251
\OT1/cmr/m/n/10 OraFineChiam, Num-Chia-
 []


Underfull \hbox (badness 10000) in paragraph at lines 251--251
[]|\OT1/cmr/bx/n/10 CodSquad\OT1/cmr/m/n/10 , De-nomOper,
 []


Underfull \hbox (badness 10000) in paragraph at lines 251--251
[]|\OT1/cmr/bx/n/10 CodMezzo\OT1/cmr/m/n/10 , Classe-Mezzo,
 []


Underfull \hbox (badness 10000) in paragraph at lines 251--251
\OT1/cmr/m/n/10 Mod-el-loMezzo, An-no-Fabb-
 []


Underfull \hbox (badness 10000) in paragraph at lines 251--251
\OT1/cmr/m/n/10 Mezzo, DataUlti-ma-Manut-
 []


Underfull \hbox (badness 4341) in paragraph at lines 251--251
[]|\OT1/cmr/m/n/10 Attivit^^Ra di con-trollo e ri-
 []


Underfull \hbox (badness 10000) in paragraph at lines 251--251
[]|\OT1/cmr/bx/n/10 CodManut\OT1/cmr/m/n/10 , DataSvol-
 []


Underfull \hbox (badness 6204) in paragraph at lines 251--251
\OT1/cmr/m/n/10 gManut, Tipo-Manut (or-di-
 []


Underfull \hbox (badness 10000) in paragraph at lines 251--251
\OT1/cmr/m/n/10 naria/straordinaria), Spe-
 []


Underfull \hbox (badness 1960) in paragraph at lines 251--251
[]|\OT1/cmr/m/n/10 Struttura con-ven-zion-ata che
 []


Underfull \hbox (badness 10000) in paragraph at lines 288--288
\OT1/cmr/bx/n/10 Amministrativo
 []


Underfull \hbox (badness 10000) in paragraph at lines 288--288
\OT1/cmr/bx/n/10 Amministrativo
 []


Overfull \hbox (4.10924pt too wide) in paragraph at lines 288--288
[]|\OT1/cmr/bx/n/10 CONVENZIONATA| 
 []


LaTeX Warning: `!h' float specifier changed to `!ht'.



[8]
Underfull \hbox (badness 1163) in paragraph at lines 311--312
[]|\OT1/cmr/m/n/10 La \OT1/cmr/m/it/10 DataSvolg \OT1/cmr/m/n/10 di una manuten-zione deve es-sere uguale o suc-ces-siva alla
 []

[9])

[10]
\openout2 = `Sections/2-ProgettazioneLogica.aux'.

 (./Sections/2-ProgettazioneLogica.tex

[11



]
Overfull \hbox (17.84999pt too wide) in paragraph at lines 76--77
[]\OT1/cmr/bx/n/10 Op. O4 (Scrit-tura): \OT1/cmr/m/n/10 Richiede l'inserimento della manuten-zione, della re-lazione e l'aggiornamento
 []



[12]
Underfull \hbox (badness 1210) in paragraph at lines 165--165
[]|\OT1/cmr/m/n/10 Identificatore nu-merico uni-voco gi^^Ra pre-sente nelle
 []

)

[13] (./main.aux (./FrontMatter/TitlePage.aux) (./Sections/1-ProgettazioneConcettuale.aux) (./Sections/2-ProgettazioneLogica.aux))
 ***********
LaTeX2e <2024-11-01> patch level 2
L3 programming layer <2025-01-18>
 ***********
 ) 
Here is how much of TeX's memory you used:
 4881 strings out of 475171
 81652 string characters out of 5767094
 496845 words of memory out of 5000000
 27837 multiletter control sequences out of 15000+600000
 561694 words of font info for 45 fonts, out of 8000000 for 9000
 14 hyphenation exceptions out of 8191
 57i,14n,65p,698b,353s stack positions out of 10000i,1000n,20000p,200000b,200000s
</usr/share/texmf-dist/fonts/type1/public/amsfonts/cm/cmbx10.pfb></usr/share/texmf-dist/fonts/type1/public/amsfonts/cm/cmbx12.pfb></usr/share/texmf-dist/fonts/type1/public/amsfonts/cm/cmbxti10.pfb></usr/share/texmf-dist/fonts/type1/public/amsfonts/cm/cmmi10.pfb></usr/share/texmf-dist/fonts/type1/public/amsfonts/cm/cmr10.pfb></usr/share/texmf-dist/fonts/type1/public/amsfonts/cm/cmr12.pfb></usr/share/texmf-dist/fonts/type1/public/amsfonts/cm/cmr9.pfb></usr/share/texmf-dist/fonts/type1/public/amsfonts/cm/cmsy10.pfb></usr/share/texmf-dist/fonts/type1/public/amsfonts/cm/cmti10.pfb></usr/share/texmf-dist/fonts/type1/public/cm-super/sfrm1000.pfb>
Output written on main.pdf (14 pages, 644709 bytes).
PDF statistics:
 2481 PDF objects out of 2487 (max. 8388607)
 1710 compressed objects within 18 object streams
 0 named destinations out of 1000 (max. 500000)
 31 words of extra memory for PDF output out of 10000 (max. 10000000)

